<?xml version="1.0" encoding="UTF-8"?>
<testsuite xmlns:xsi="http://www.w3.org/2001/XMLSchema-instance" xsi:noNamespaceSchemaLocation="https://maven.apache.org/surefire/maven-surefire-plugin/xsd/surefire-test-report.xsd" name="com.ingsw.consigliaviaggi.isValidEmailAddressTest" time="0.001" tests="10" errors="0" skipped="0" failures="0">
  <properties>
    <property name="sun.desktop" value="gnome"/>
    <property name="awt.toolkit" value="sun.awt.X11.XToolkit"/>
    <property name="java.specification.version" value="11"/>
    <property name="sun.cpu.isalist" value=""/>
    <property name="sun.jnu.encoding" value="UTF-8"/>
    <property name="java.class.path" value="/home/salvatore/consigliaviaggi/target/test-classes:/home/salvatore/consigliaviaggi/target/classes:/home/salvatore/.m2/repository/org/springframework/boot/spring-boot-starter-data-jpa/2.3.0.RELEASE/spring-boot-starter-data-jpa-2.3.0.RELEASE.jar:/home/salvatore/.m2/repository/org/springframework/boot/spring-boot-starter-aop/2.3.0.RELEASE/spring-boot-starter-aop-2.3.0.RELEASE.jar:/home/salvatore/.m2/repository/org/aspectj/aspectjweaver/1.9.5/aspectjweaver-1.9.5.jar:/home/salvatore/.m2/repository/org/springframework/boot/spring-boot-starter-jdbc/2.3.0.RELEASE/spring-boot-starter-jdbc-2.3.0.RELEASE.jar:/home/salvatore/.m2/repository/com/zaxxer/HikariCP/3.4.5/HikariCP-3.4.5.jar:/home/salvatore/.m2/repository/org/springframework/spring-jdbc/5.2.6.RELEASE/spring-jdbc-5.2.6.RELEASE.jar:/home/salvatore/.m2/repository/jakarta/transaction/jakarta.transaction-api/1.3.3/jakarta.transaction-api-1.3.3.jar:/home/salvatore/.m2/repository/jakarta/persistence/jakarta.persistence-api/2.2.3/jakarta.persistence-api-2.2.3.jar:/home/salvatore/.m2/repository/org/hibernate/hibernate-core/5.4.15.Final/hibernate-core-5.4.15.Final.jar:/home/salvatore/.m2/repository/org/jboss/logging/jboss-logging/3.4.1.Final/jboss-logging-3.4.1.Final.jar:/home/salvatore/.m2/repository/org/javassist/javassist/3.24.0-GA/javassist-3.24.0-GA.jar:/home/salvatore/.m2/repository/net/bytebuddy/byte-buddy/1.10.10/byte-buddy-1.10.10.jar:/home/salvatore/.m2/repository/antlr/antlr/2.7.7/antlr-2.7.7.jar:/home/salvatore/.m2/repository/org/jboss/jandex/2.1.3.Final/jandex-2.1.3.Final.jar:/home/salvatore/.m2/repository/com/fasterxml/classmate/1.5.1/classmate-1.5.1.jar:/home/salvatore/.m2/repository/org/dom4j/dom4j/2.1.3/dom4j-2.1.3.jar:/home/salvatore/.m2/repository/org/hibernate/common/hibernate-commons-annotations/5.1.0.Final/hibernate-commons-annotations-5.1.0.Final.jar:/home/salvatore/.m2/repository/org/glassfish/jaxb/jaxb-runtime/2.3.3/jaxb-runtime-2.3.3.jar:/home/salvatore/.m2/repository/org/glassfish/jaxb/txw2/2.3.3/txw2-2.3.3.jar:/home/salvatore/.m2/repository/com/sun/istack/istack-commons-runtime/3.0.11/istack-commons-runtime-3.0.11.jar:/home/salvatore/.m2/repository/org/springframework/data/spring-data-jpa/2.3.0.RELEASE/spring-data-jpa-2.3.0.RELEASE.jar:/home/salvatore/.m2/repository/org/springframework/data/spring-data-commons/2.3.0.RELEASE/spring-data-commons-2.3.0.RELEASE.jar:/home/salvatore/.m2/repository/org/springframework/spring-orm/5.2.6.RELEASE/spring-orm-5.2.6.RELEASE.jar:/home/salvatore/.m2/repository/org/springframework/spring-tx/5.2.6.RELEASE/spring-tx-5.2.6.RELEASE.jar:/home/salvatore/.m2/repository/org/springframework/spring-aspects/5.2.6.RELEASE/spring-aspects-5.2.6.RELEASE.jar:/home/salvatore/.m2/repository/org/springframework/boot/spring-boot-starter-thymeleaf/2.3.0.RELEASE/spring-boot-starter-thymeleaf-2.3.0.RELEASE.jar:/home/salvatore/.m2/repository/org/springframework/boot/spring-boot-starter/2.3.0.RELEASE/spring-boot-starter-2.3.0.RELEASE.jar:/home/salvatore/.m2/repository/org/springframework/boot/spring-boot-starter-logging/2.3.0.RELEASE/spring-boot-starter-logging-2.3.0.RELEASE.jar:/home/salvatore/.m2/repository/ch/qos/logback/logback-classic/1.2.3/logback-classic-1.2.3.jar:/home/salvatore/.m2/repository/ch/qos/logback/logback-core/1.2.3/logback-core-1.2.3.jar:/home/salvatore/.m2/repository/org/apache/logging/log4j/log4j-to-slf4j/2.13.2/log4j-to-slf4j-2.13.2.jar:/home/salvatore/.m2/repository/org/apache/logging/log4j/log4j-api/2.13.2/log4j-api-2.13.2.jar:/home/salvatore/.m2/repository/org/slf4j/jul-to-slf4j/1.7.30/jul-to-slf4j-1.7.30.jar:/home/salvatore/.m2/repository/jakarta/annotation/jakarta.annotation-api/1.3.5/jakarta.annotation-api-1.3.5.jar:/home/salvatore/.m2/repository/org/yaml/snakeyaml/1.26/snakeyaml-1.26.jar:/home/salvatore/.m2/repository/org/thymeleaf/thymeleaf-spring5/3.0.11.RELEASE/thymeleaf-spring5-3.0.11.RELEASE.jar:/home/salvatore/.m2/repository/org/thymeleaf/thymeleaf/3.0.11.RELEASE/thymeleaf-3.0.11.RELEASE.jar:/home/salvatore/.m2/repository/org/attoparser/attoparser/2.0.5.RELEASE/attoparser-2.0.5.RELEASE.jar:/home/salvatore/.m2/repository/org/unbescape/unbescape/1.1.6.RELEASE/unbescape-1.1.6.RELEASE.jar:/home/salvatore/.m2/repository/org/thymeleaf/extras/thymeleaf-extras-java8time/3.0.4.RELEASE/thymeleaf-extras-java8time-3.0.4.RELEASE.jar:/home/salvatore/.m2/repository/com/byteowls/jopencage/1.2.1/jopencage-1.2.1.jar:/home/salvatore/.m2/repository/org/slf4j/slf4j-api/1.7.30/slf4j-api-1.7.30.jar:/home/salvatore/.m2/repository/org/apache/httpcomponents/httpclient/4.5.12/httpclient-4.5.12.jar:/home/salvatore/.m2/repository/org/apache/httpcomponents/httpcore/4.4.13/httpcore-4.4.13.jar:/home/salvatore/.m2/repository/commons-codec/commons-codec/1.14/commons-codec-1.14.jar:/home/salvatore/.m2/repository/com/fasterxml/jackson/core/jackson-databind/2.11.0/jackson-databind-2.11.0.jar:/home/salvatore/.m2/repository/com/fasterxml/jackson/core/jackson-core/2.11.0/jackson-core-2.11.0.jar:/home/salvatore/.m2/repository/com/fasterxml/jackson/core/jackson-annotations/2.11.0/jackson-annotations-2.11.0.jar:/home/salvatore/.m2/repository/org/jacoco/jacoco-maven-plugin/0.8.7/jacoco-maven-plugin-0.8.7.jar:/home/salvatore/.m2/repository/org/apache/maven/maven-plugin-api/3.0/maven-plugin-api-3.0.jar:/home/salvatore/.m2/repository/org/apache/maven/maven-model/3.0/maven-model-3.0.jar:/home/salvatore/.m2/repository/org/apache/maven/maven-artifact/3.0/maven-artifact-3.0.jar:/home/salvatore/.m2/repository/org/sonatype/sisu/sisu-inject-plexus/1.4.2/sisu-inject-plexus-1.4.2.jar:/home/salvatore/.m2/repository/org/sonatype/sisu/sisu-inject-bean/1.4.2/sisu-inject-bean-1.4.2.jar:/home/salvatore/.m2/repository/org/sonatype/sisu/sisu-guice/2.1.7/sisu-guice-2.1.7-noaop.jar:/home/salvatore/.m2/repository/org/apache/maven/maven-core/3.0/maven-core-3.0.jar:/home/salvatore/.m2/repository/org/apache/maven/maven-settings/3.0/maven-settings-3.0.jar:/home/salvatore/.m2/repository/org/apache/maven/maven-settings-builder/3.0/maven-settings-builder-3.0.jar:/home/salvatore/.m2/repository/org/apache/maven/maven-repository-metadata/3.0/maven-repository-metadata-3.0.jar:/home/salvatore/.m2/repository/org/apache/maven/maven-model-builder/3.0/maven-model-builder-3.0.jar:/home/salvatore/.m2/repository/org/apache/maven/maven-aether-provider/3.0/maven-aether-provider-3.0.jar:/home/salvatore/.m2/repository/org/sonatype/aether/aether-impl/1.7/aether-impl-1.7.jar:/home/salvatore/.m2/repository/org/sonatype/aether/aether-spi/1.7/aether-spi-1.7.jar:/home/salvatore/.m2/repository/org/sonatype/aether/aether-api/1.7/aether-api-1.7.jar:/home/salvatore/.m2/repository/org/sonatype/aether/aether-util/1.7/aether-util-1.7.jar:/home/salvatore/.m2/repository/org/codehaus/plexus/plexus-interpolation/1.14/plexus-interpolation-1.14.jar:/home/salvatore/.m2/repository/org/codehaus/plexus/plexus-classworlds/2.2.3/plexus-classworlds-2.2.3.jar:/home/salvatore/.m2/repository/org/codehaus/plexus/plexus-component-annotations/1.5.5/plexus-component-annotations-1.5.5.jar:/home/salvatore/.m2/repository/org/sonatype/plexus/plexus-sec-dispatcher/1.3/plexus-sec-dispatcher-1.3.jar:/home/salvatore/.m2/repository/org/sonatype/plexus/plexus-cipher/1.4/plexus-cipher-1.4.jar:/home/salvatore/.m2/repository/org/codehaus/plexus/plexus-utils/3.0.22/plexus-utils-3.0.22.jar:/home/salvatore/.m2/repository/org/apache/maven/shared/file-management/1.2.1/file-management-1.2.1.jar:/home/salvatore/.m2/repository/org/apache/maven/shared/maven-shared-io/1.1/maven-shared-io-1.1.jar:/home/salvatore/.m2/repository/org/apache/maven/maven-artifact-manager/2.0.2/maven-artifact-manager-2.0.2.jar:/home/salvatore/.m2/repository/org/apache/maven/wagon/wagon-provider-api/1.0-alpha-6/wagon-provider-api-1.0-alpha-6.jar:/home/salvatore/.m2/repository/org/codehaus/plexus/plexus-container-default/1.0-alpha-9/plexus-container-default-1.0-alpha-9.jar:/home/salvatore/.m2/repository/classworlds/classworlds/1.1-alpha-2/classworlds-1.1-alpha-2.jar:/home/salvatore/.m2/repository/org/apache/maven/reporting/maven-reporting-api/3.0/maven-reporting-api-3.0.jar:/home/salvatore/.m2/repository/org/apache/maven/doxia/doxia-sink-api/1.0/doxia-sink-api-1.0.jar:/home/salvatore/.m2/repository/org/jacoco/org.jacoco.agent/0.8.7/org.jacoco.agent-0.8.7-runtime.jar:/home/salvatore/.m2/repository/org/jacoco/org.jacoco.core/0.8.7/org.jacoco.core-0.8.7.jar:/home/salvatore/.m2/repository/org/ow2/asm/asm/9.1/asm-9.1.jar:/home/salvatore/.m2/repository/org/ow2/asm/asm-commons/9.1/asm-commons-9.1.jar:/home/salvatore/.m2/repository/org/ow2/asm/asm-analysis/9.1/asm-analysis-9.1.jar:/home/salvatore/.m2/repository/org/ow2/asm/asm-tree/9.1/asm-tree-9.1.jar:/home/salvatore/.m2/repository/org/jacoco/org.jacoco.report/0.8.7/org.jacoco.report-0.8.7.jar:/home/salvatore/.m2/repository/org/springframework/boot/spring-boot-starter-web/2.3.0.RELEASE/spring-boot-starter-web-2.3.0.RELEASE.jar:/home/salvatore/.m2/repository/org/springframework/boot/spring-boot-starter-json/2.3.0.RELEASE/spring-boot-starter-json-2.3.0.RELEASE.jar:/home/salvatore/.m2/repository/com/fasterxml/jackson/datatype/jackson-datatype-jdk8/2.11.0/jackson-datatype-jdk8-2.11.0.jar:/home/salvatore/.m2/repository/com/fasterxml/jackson/datatype/jackson-datatype-jsr310/2.11.0/jackson-datatype-jsr310-2.11.0.jar:/home/salvatore/.m2/repository/com/fasterxml/jackson/module/jackson-module-parameter-names/2.11.0/jackson-module-parameter-names-2.11.0.jar:/home/salvatore/.m2/repository/org/springframework/boot/spring-boot-starter-tomcat/2.3.0.RELEASE/spring-boot-starter-tomcat-2.3.0.RELEASE.jar:/home/salvatore/.m2/repository/org/apache/tomcat/embed/tomcat-embed-core/9.0.35/tomcat-embed-core-9.0.35.jar:/home/salvatore/.m2/repository/org/glassfish/jakarta.el/3.0.3/jakarta.el-3.0.3.jar:/home/salvatore/.m2/repository/org/apache/tomcat/embed/tomcat-embed-websocket/9.0.35/tomcat-embed-websocket-9.0.35.jar:/home/salvatore/.m2/repository/org/springframework/spring-web/5.2.6.RELEASE/spring-web-5.2.6.RELEASE.jar:/home/salvatore/.m2/repository/org/springframework/spring-webmvc/5.2.6.RELEASE/spring-webmvc-5.2.6.RELEASE.jar:/home/salvatore/.m2/repository/org/json/json/20200518/json-20200518.jar:/home/salvatore/.m2/repository/org/springframework/security/spring-security-web/5.3.9.RELEASE/spring-security-web-5.3.9.RELEASE.jar:/home/salvatore/.m2/repository/org/springframework/security/spring-security-core/5.3.2.RELEASE/spring-security-core-5.3.2.RELEASE.jar:/home/salvatore/.m2/repository/org/springframework/spring-aop/5.2.6.RELEASE/spring-aop-5.2.6.RELEASE.jar:/home/salvatore/.m2/repository/org/springframework/spring-beans/5.2.6.RELEASE/spring-beans-5.2.6.RELEASE.jar:/home/salvatore/.m2/repository/org/springframework/spring-context/5.2.6.RELEASE/spring-context-5.2.6.RELEASE.jar:/home/salvatore/.m2/repository/org/springframework/spring-core/5.2.6.RELEASE/spring-core-5.2.6.RELEASE.jar:/home/salvatore/.m2/repository/org/springframework/spring-jcl/5.2.6.RELEASE/spring-jcl-5.2.6.RELEASE.jar:/home/salvatore/.m2/repository/org/springframework/spring-expression/5.2.6.RELEASE/spring-expression-5.2.6.RELEASE.jar:/home/salvatore/.m2/repository/org/springframework/security/spring-security-config/5.3.3.RELEASE/spring-security-config-5.3.3.RELEASE.jar:/home/salvatore/.m2/repository/org/springframework/boot/spring-boot-devtools/2.3.0.RELEASE/spring-boot-devtools-2.3.0.RELEASE.jar:/home/salvatore/.m2/repository/org/springframework/boot/spring-boot/2.3.0.RELEASE/spring-boot-2.3.0.RELEASE.jar:/home/salvatore/.m2/repository/org/springframework/boot/spring-boot-autoconfigure/2.3.0.RELEASE/spring-boot-autoconfigure-2.3.0.RELEASE.jar:/home/salvatore/.m2/repository/org/glassfish/jersey/core/jersey-client/2.27/jersey-client-2.27.jar:/home/salvatore/.m2/repository/javax/ws/rs/javax.ws.rs-api/2.1/javax.ws.rs-api-2.1.jar:/home/salvatore/.m2/repository/org/glassfish/jersey/core/jersey-common/2.30.1/jersey-common-2.30.1.jar:/home/salvatore/.m2/repository/jakarta/ws/rs/jakarta.ws.rs-api/2.1.6/jakarta.ws.rs-api-2.1.6.jar:/home/salvatore/.m2/repository/org/glassfish/hk2/external/jakarta.inject/2.6.1/jakarta.inject-2.6.1.jar:/home/salvatore/.m2/repository/org/glassfish/hk2/osgi-resource-locator/1.0.3/osgi-resource-locator-1.0.3.jar:/home/salvatore/.m2/repository/com/sun/activation/jakarta.activation/1.2.2/jakarta.activation-1.2.2.jar:/home/salvatore/.m2/repository/org/glassfish/hk2/external/javax.inject/2.5.0-b42/javax.inject-2.5.0-b42.jar:/home/salvatore/.m2/repository/org/glassfish/jersey/inject/jersey-hk2/2.28/jersey-hk2-2.28.jar:/home/salvatore/.m2/repository/org/glassfish/hk2/hk2-locator/2.5.0/hk2-locator-2.5.0.jar:/home/salvatore/.m2/repository/org/glassfish/hk2/external/aopalliance-repackaged/2.5.0/aopalliance-repackaged-2.5.0.jar:/home/salvatore/.m2/repository/org/glassfish/hk2/hk2-api/2.5.0/hk2-api-2.5.0.jar:/home/salvatore/.m2/repository/org/glassfish/hk2/hk2-utils/2.5.0/hk2-utils-2.5.0.jar:/home/salvatore/.m2/repository/javax/activation/activation/1.1.1/activation-1.1.1.jar:/home/salvatore/.m2/repository/javax/xml/bind/jaxb-api/2.3.1/jaxb-api-2.3.1.jar:/home/salvatore/.m2/repository/javax/activation/javax.activation-api/1.2.0/javax.activation-api-1.2.0.jar:/home/salvatore/.m2/repository/org/springframework/boot/spring-boot-starter-test/2.3.0.RELEASE/spring-boot-starter-test-2.3.0.RELEASE.jar:/home/salvatore/.m2/repository/org/springframework/boot/spring-boot-test/2.3.0.RELEASE/spring-boot-test-2.3.0.RELEASE.jar:/home/salvatore/.m2/repository/org/springframework/boot/spring-boot-test-autoconfigure/2.3.0.RELEASE/spring-boot-test-autoconfigure-2.3.0.RELEASE.jar:/home/salvatore/.m2/repository/com/jayway/jsonpath/json-path/2.4.0/json-path-2.4.0.jar:/home/salvatore/.m2/repository/net/minidev/json-smart/2.3/json-smart-2.3.jar:/home/salvatore/.m2/repository/net/minidev/accessors-smart/1.2/accessors-smart-1.2.jar:/home/salvatore/.m2/repository/jakarta/xml/bind/jakarta.xml.bind-api/2.3.3/jakarta.xml.bind-api-2.3.3.jar:/home/salvatore/.m2/repository/jakarta/activation/jakarta.activation-api/1.2.2/jakarta.activation-api-1.2.2.jar:/home/salvatore/.m2/repository/org/assertj/assertj-core/3.16.1/assertj-core-3.16.1.jar:/home/salvatore/.m2/repository/org/hamcrest/hamcrest/2.2/hamcrest-2.2.jar:/home/salvatore/.m2/repository/org/junit/jupiter/junit-jupiter/5.6.2/junit-jupiter-5.6.2.jar:/home/salvatore/.m2/repository/org/junit/jupiter/junit-jupiter-api/5.6.2/junit-jupiter-api-5.6.2.jar:/home/salvatore/.m2/repository/org/apiguardian/apiguardian-api/1.1.0/apiguardian-api-1.1.0.jar:/home/salvatore/.m2/repository/org/opentest4j/opentest4j/1.2.0/opentest4j-1.2.0.jar:/home/salvatore/.m2/repository/org/junit/platform/junit-platform-commons/1.6.2/junit-platform-commons-1.6.2.jar:/home/salvatore/.m2/repository/org/junit/jupiter/junit-jupiter-params/5.6.2/junit-jupiter-params-5.6.2.jar:/home/salvatore/.m2/repository/org/junit/jupiter/junit-jupiter-engine/5.6.2/junit-jupiter-engine-5.6.2.jar:/home/salvatore/.m2/repository/org/junit/platform/junit-platform-engine/1.6.2/junit-platform-engine-1.6.2.jar:/home/salvatore/.m2/repository/org/mockito/mockito-core/3.3.3/mockito-core-3.3.3.jar:/home/salvatore/.m2/repository/net/bytebuddy/byte-buddy-agent/1.10.10/byte-buddy-agent-1.10.10.jar:/home/salvatore/.m2/repository/org/objenesis/objenesis/2.6/objenesis-2.6.jar:/home/salvatore/.m2/repository/org/mockito/mockito-junit-jupiter/3.3.3/mockito-junit-jupiter-3.3.3.jar:/home/salvatore/.m2/repository/org/skyscreamer/jsonassert/1.5.0/jsonassert-1.5.0.jar:/home/salvatore/.m2/repository/com/vaadin/external/google/android-json/0.0.20131108.vaadin1/android-json-0.0.20131108.vaadin1.jar:/home/salvatore/.m2/repository/org/springframework/spring-test/5.2.6.RELEASE/spring-test-5.2.6.RELEASE.jar:/home/salvatore/.m2/repository/org/xmlunit/xmlunit-core/2.7.0/xmlunit-core-2.7.0.jar:/home/salvatore/.m2/repository/org/springframework/restdocs/spring-restdocs-mockmvc/2.0.4.RELEASE/spring-restdocs-mockmvc-2.0.4.RELEASE.jar:/home/salvatore/.m2/repository/javax/servlet/javax.servlet-api/4.0.1/javax.servlet-api-4.0.1.jar:/home/salvatore/.m2/repository/org/springframework/restdocs/spring-restdocs-core/2.0.4.RELEASE/spring-restdocs-core-2.0.4.RELEASE.jar:/home/salvatore/.m2/repository/jakarta/validation/jakarta.validation-api/2.0.2/jakarta.validation-api-2.0.2.jar:/home/salvatore/.m2/repository/com/h2database/h2/1.4.200/h2-1.4.200.jar:/home/salvatore/.m2/repository/junit/junit/4.13/junit-4.13.jar:/home/salvatore/.m2/repository/org/hamcrest/hamcrest-core/2.2/hamcrest-core-2.2.jar:"/>
    <property name="java.vm.vendor" value="Ubuntu"/>
    <property name="sun.arch.data.model" value="64"/>
    <property name="java.vendor.url" value="https://ubuntu.com/"/>
    <property name="user.timezone" value=""/>
    <property name="java.vm.specification.version" value="11"/>
    <property name="os.name" value="Linux"/>
    <property name="sun.java.launcher" value="SUN_STANDARD"/>
    <property name="user.country" value="US"/>
    <property name="sun.boot.library.path" value="/usr/lib/jvm/java-11-openjdk-amd64/lib"/>
    <property name="sun.java.command" value="/home/salvatore/consigliaviaggi/target/surefire/surefirebooter11554732344240319318.jar /home/salvatore/consigliaviaggi/target/surefire 2022-10-02T14-14-37_940-jvmRun1 surefire15470728819994748740tmp surefire_09840831223100489590tmp"/>
    <property name="jdk.debug" value="release"/>
    <property name="surefire.test.class.path" value="/home/salvatore/consigliaviaggi/target/test-classes:/home/salvatore/consigliaviaggi/target/classes:/home/salvatore/.m2/repository/org/springframework/boot/spring-boot-starter-data-jpa/2.3.0.RELEASE/spring-boot-starter-data-jpa-2.3.0.RELEASE.jar:/home/salvatore/.m2/repository/org/springframework/boot/spring-boot-starter-aop/2.3.0.RELEASE/spring-boot-starter-aop-2.3.0.RELEASE.jar:/home/salvatore/.m2/repository/org/aspectj/aspectjweaver/1.9.5/aspectjweaver-1.9.5.jar:/home/salvatore/.m2/repository/org/springframework/boot/spring-boot-starter-jdbc/2.3.0.RELEASE/spring-boot-starter-jdbc-2.3.0.RELEASE.jar:/home/salvatore/.m2/repository/com/zaxxer/HikariCP/3.4.5/HikariCP-3.4.5.jar:/home/salvatore/.m2/repository/org/springframework/spring-jdbc/5.2.6.RELEASE/spring-jdbc-5.2.6.RELEASE.jar:/home/salvatore/.m2/repository/jakarta/transaction/jakarta.transaction-api/1.3.3/jakarta.transaction-api-1.3.3.jar:/home/salvatore/.m2/repository/jakarta/persistence/jakarta.persistence-api/2.2.3/jakarta.persistence-api-2.2.3.jar:/home/salvatore/.m2/repository/org/hibernate/hibernate-core/5.4.15.Final/hibernate-core-5.4.15.Final.jar:/home/salvatore/.m2/repository/org/jboss/logging/jboss-logging/3.4.1.Final/jboss-logging-3.4.1.Final.jar:/home/salvatore/.m2/repository/org/javassist/javassist/3.24.0-GA/javassist-3.24.0-GA.jar:/home/salvatore/.m2/repository/net/bytebuddy/byte-buddy/1.10.10/byte-buddy-1.10.10.jar:/home/salvatore/.m2/repository/antlr/antlr/2.7.7/antlr-2.7.7.jar:/home/salvatore/.m2/repository/org/jboss/jandex/2.1.3.Final/jandex-2.1.3.Final.jar:/home/salvatore/.m2/repository/com/fasterxml/classmate/1.5.1/classmate-1.5.1.jar:/home/salvatore/.m2/repository/org/dom4j/dom4j/2.1.3/dom4j-2.1.3.jar:/home/salvatore/.m2/repository/org/hibernate/common/hibernate-commons-annotations/5.1.0.Final/hibernate-commons-annotations-5.1.0.Final.jar:/home/salvatore/.m2/repository/org/glassfish/jaxb/jaxb-runtime/2.3.3/jaxb-runtime-2.3.3.jar:/home/salvatore/.m2/repository/org/glassfish/jaxb/txw2/2.3.3/txw2-2.3.3.jar:/home/salvatore/.m2/repository/com/sun/istack/istack-commons-runtime/3.0.11/istack-commons-runtime-3.0.11.jar:/home/salvatore/.m2/repository/org/springframework/data/spring-data-jpa/2.3.0.RELEASE/spring-data-jpa-2.3.0.RELEASE.jar:/home/salvatore/.m2/repository/org/springframework/data/spring-data-commons/2.3.0.RELEASE/spring-data-commons-2.3.0.RELEASE.jar:/home/salvatore/.m2/repository/org/springframework/spring-orm/5.2.6.RELEASE/spring-orm-5.2.6.RELEASE.jar:/home/salvatore/.m2/repository/org/springframework/spring-tx/5.2.6.RELEASE/spring-tx-5.2.6.RELEASE.jar:/home/salvatore/.m2/repository/org/springframework/spring-aspects/5.2.6.RELEASE/spring-aspects-5.2.6.RELEASE.jar:/home/salvatore/.m2/repository/org/springframework/boot/spring-boot-starter-thymeleaf/2.3.0.RELEASE/spring-boot-starter-thymeleaf-2.3.0.RELEASE.jar:/home/salvatore/.m2/repository/org/springframework/boot/spring-boot-starter/2.3.0.RELEASE/spring-boot-starter-2.3.0.RELEASE.jar:/home/salvatore/.m2/repository/org/springframework/boot/spring-boot-starter-logging/2.3.0.RELEASE/spring-boot-starter-logging-2.3.0.RELEASE.jar:/home/salvatore/.m2/repository/ch/qos/logback/logback-classic/1.2.3/logback-classic-1.2.3.jar:/home/salvatore/.m2/repository/ch/qos/logback/logback-core/1.2.3/logback-core-1.2.3.jar:/home/salvatore/.m2/repository/org/apache/logging/log4j/log4j-to-slf4j/2.13.2/log4j-to-slf4j-2.13.2.jar:/home/salvatore/.m2/repository/org/apache/logging/log4j/log4j-api/2.13.2/log4j-api-2.13.2.jar:/home/salvatore/.m2/repository/org/slf4j/jul-to-slf4j/1.7.30/jul-to-slf4j-1.7.30.jar:/home/salvatore/.m2/repository/jakarta/annotation/jakarta.annotation-api/1.3.5/jakarta.annotation-api-1.3.5.jar:/home/salvatore/.m2/repository/org/yaml/snakeyaml/1.26/snakeyaml-1.26.jar:/home/salvatore/.m2/repository/org/thymeleaf/thymeleaf-spring5/3.0.11.RELEASE/thymeleaf-spring5-3.0.11.RELEASE.jar:/home/salvatore/.m2/repository/org/thymeleaf/thymeleaf/3.0.11.RELEASE/thymeleaf-3.0.11.RELEASE.jar:/home/salvatore/.m2/repository/org/attoparser/attoparser/2.0.5.RELEASE/attoparser-2.0.5.RELEASE.jar:/home/salvatore/.m2/repository/org/unbescape/unbescape/1.1.6.RELEASE/unbescape-1.1.6.RELEASE.jar:/home/salvatore/.m2/repository/org/thymeleaf/extras/thymeleaf-extras-java8time/3.0.4.RELEASE/thymeleaf-extras-java8time-3.0.4.RELEASE.jar:/home/salvatore/.m2/repository/com/byteowls/jopencage/1.2.1/jopencage-1.2.1.jar:/home/salvatore/.m2/repository/org/slf4j/slf4j-api/1.7.30/slf4j-api-1.7.30.jar:/home/salvatore/.m2/repository/org/apache/httpcomponents/httpclient/4.5.12/httpclient-4.5.12.jar:/home/salvatore/.m2/repository/org/apache/httpcomponents/httpcore/4.4.13/httpcore-4.4.13.jar:/home/salvatore/.m2/repository/commons-codec/commons-codec/1.14/commons-codec-1.14.jar:/home/salvatore/.m2/repository/com/fasterxml/jackson/core/jackson-databind/2.11.0/jackson-databind-2.11.0.jar:/home/salvatore/.m2/repository/com/fasterxml/jackson/core/jackson-core/2.11.0/jackson-core-2.11.0.jar:/home/salvatore/.m2/repository/com/fasterxml/jackson/core/jackson-annotations/2.11.0/jackson-annotations-2.11.0.jar:/home/salvatore/.m2/repository/org/jacoco/jacoco-maven-plugin/0.8.7/jacoco-maven-plugin-0.8.7.jar:/home/salvatore/.m2/repository/org/apache/maven/maven-plugin-api/3.0/maven-plugin-api-3.0.jar:/home/salvatore/.m2/repository/org/apache/maven/maven-model/3.0/maven-model-3.0.jar:/home/salvatore/.m2/repository/org/apache/maven/maven-artifact/3.0/maven-artifact-3.0.jar:/home/salvatore/.m2/repository/org/sonatype/sisu/sisu-inject-plexus/1.4.2/sisu-inject-plexus-1.4.2.jar:/home/salvatore/.m2/repository/org/sonatype/sisu/sisu-inject-bean/1.4.2/sisu-inject-bean-1.4.2.jar:/home/salvatore/.m2/repository/org/sonatype/sisu/sisu-guice/2.1.7/sisu-guice-2.1.7-noaop.jar:/home/salvatore/.m2/repository/org/apache/maven/maven-core/3.0/maven-core-3.0.jar:/home/salvatore/.m2/repository/org/apache/maven/maven-settings/3.0/maven-settings-3.0.jar:/home/salvatore/.m2/repository/org/apache/maven/maven-settings-builder/3.0/maven-settings-builder-3.0.jar:/home/salvatore/.m2/repository/org/apache/maven/maven-repository-metadata/3.0/maven-repository-metadata-3.0.jar:/home/salvatore/.m2/repository/org/apache/maven/maven-model-builder/3.0/maven-model-builder-3.0.jar:/home/salvatore/.m2/repository/org/apache/maven/maven-aether-provider/3.0/maven-aether-provider-3.0.jar:/home/salvatore/.m2/repository/org/sonatype/aether/aether-impl/1.7/aether-impl-1.7.jar:/home/salvatore/.m2/repository/org/sonatype/aether/aether-spi/1.7/aether-spi-1.7.jar:/home/salvatore/.m2/repository/org/sonatype/aether/aether-api/1.7/aether-api-1.7.jar:/home/salvatore/.m2/repository/org/sonatype/aether/aether-util/1.7/aether-util-1.7.jar:/home/salvatore/.m2/repository/org/codehaus/plexus/plexus-interpolation/1.14/plexus-interpolation-1.14.jar:/home/salvatore/.m2/repository/org/codehaus/plexus/plexus-classworlds/2.2.3/plexus-classworlds-2.2.3.jar:/home/salvatore/.m2/repository/org/codehaus/plexus/plexus-component-annotations/1.5.5/plexus-component-annotations-1.5.5.jar:/home/salvatore/.m2/repository/org/sonatype/plexus/plexus-sec-dispatcher/1.3/plexus-sec-dispatcher-1.3.jar:/home/salvatore/.m2/repository/org/sonatype/plexus/plexus-cipher/1.4/plexus-cipher-1.4.jar:/home/salvatore/.m2/repository/org/codehaus/plexus/plexus-utils/3.0.22/plexus-utils-3.0.22.jar:/home/salvatore/.m2/repository/org/apache/maven/shared/file-management/1.2.1/file-management-1.2.1.jar:/home/salvatore/.m2/repository/org/apache/maven/shared/maven-shared-io/1.1/maven-shared-io-1.1.jar:/home/salvatore/.m2/repository/org/apache/maven/maven-artifact-manager/2.0.2/maven-artifact-manager-2.0.2.jar:/home/salvatore/.m2/repository/org/apache/maven/wagon/wagon-provider-api/1.0-alpha-6/wagon-provider-api-1.0-alpha-6.jar:/home/salvatore/.m2/repository/org/codehaus/plexus/plexus-container-default/1.0-alpha-9/plexus-container-default-1.0-alpha-9.jar:/home/salvatore/.m2/repository/classworlds/classworlds/1.1-alpha-2/classworlds-1.1-alpha-2.jar:/home/salvatore/.m2/repository/org/apache/maven/reporting/maven-reporting-api/3.0/maven-reporting-api-3.0.jar:/home/salvatore/.m2/repository/org/apache/maven/doxia/doxia-sink-api/1.0/doxia-sink-api-1.0.jar:/home/salvatore/.m2/repository/org/jacoco/org.jacoco.agent/0.8.7/org.jacoco.agent-0.8.7-runtime.jar:/home/salvatore/.m2/repository/org/jacoco/org.jacoco.core/0.8.7/org.jacoco.core-0.8.7.jar:/home/salvatore/.m2/repository/org/ow2/asm/asm/9.1/asm-9.1.jar:/home/salvatore/.m2/repository/org/ow2/asm/asm-commons/9.1/asm-commons-9.1.jar:/home/salvatore/.m2/repository/org/ow2/asm/asm-analysis/9.1/asm-analysis-9.1.jar:/home/salvatore/.m2/repository/org/ow2/asm/asm-tree/9.1/asm-tree-9.1.jar:/home/salvatore/.m2/repository/org/jacoco/org.jacoco.report/0.8.7/org.jacoco.report-0.8.7.jar:/home/salvatore/.m2/repository/org/springframework/boot/spring-boot-starter-web/2.3.0.RELEASE/spring-boot-starter-web-2.3.0.RELEASE.jar:/home/salvatore/.m2/repository/org/springframework/boot/spring-boot-starter-json/2.3.0.RELEASE/spring-boot-starter-json-2.3.0.RELEASE.jar:/home/salvatore/.m2/repository/com/fasterxml/jackson/datatype/jackson-datatype-jdk8/2.11.0/jackson-datatype-jdk8-2.11.0.jar:/home/salvatore/.m2/repository/com/fasterxml/jackson/datatype/jackson-datatype-jsr310/2.11.0/jackson-datatype-jsr310-2.11.0.jar:/home/salvatore/.m2/repository/com/fasterxml/jackson/module/jackson-module-parameter-names/2.11.0/jackson-module-parameter-names-2.11.0.jar:/home/salvatore/.m2/repository/org/springframework/boot/spring-boot-starter-tomcat/2.3.0.RELEASE/spring-boot-starter-tomcat-2.3.0.RELEASE.jar:/home/salvatore/.m2/repository/org/apache/tomcat/embed/tomcat-embed-core/9.0.35/tomcat-embed-core-9.0.35.jar:/home/salvatore/.m2/repository/org/glassfish/jakarta.el/3.0.3/jakarta.el-3.0.3.jar:/home/salvatore/.m2/repository/org/apache/tomcat/embed/tomcat-embed-websocket/9.0.35/tomcat-embed-websocket-9.0.35.jar:/home/salvatore/.m2/repository/org/springframework/spring-web/5.2.6.RELEASE/spring-web-5.2.6.RELEASE.jar:/home/salvatore/.m2/repository/org/springframework/spring-webmvc/5.2.6.RELEASE/spring-webmvc-5.2.6.RELEASE.jar:/home/salvatore/.m2/repository/org/json/json/20200518/json-20200518.jar:/home/salvatore/.m2/repository/org/springframework/security/spring-security-web/5.3.9.RELEASE/spring-security-web-5.3.9.RELEASE.jar:/home/salvatore/.m2/repository/org/springframework/security/spring-security-core/5.3.2.RELEASE/spring-security-core-5.3.2.RELEASE.jar:/home/salvatore/.m2/repository/org/springframework/spring-aop/5.2.6.RELEASE/spring-aop-5.2.6.RELEASE.jar:/home/salvatore/.m2/repository/org/springframework/spring-beans/5.2.6.RELEASE/spring-beans-5.2.6.RELEASE.jar:/home/salvatore/.m2/repository/org/springframework/spring-context/5.2.6.RELEASE/spring-context-5.2.6.RELEASE.jar:/home/salvatore/.m2/repository/org/springframework/spring-core/5.2.6.RELEASE/spring-core-5.2.6.RELEASE.jar:/home/salvatore/.m2/repository/org/springframework/spring-jcl/5.2.6.RELEASE/spring-jcl-5.2.6.RELEASE.jar:/home/salvatore/.m2/repository/org/springframework/spring-expression/5.2.6.RELEASE/spring-expression-5.2.6.RELEASE.jar:/home/salvatore/.m2/repository/org/springframework/security/spring-security-config/5.3.3.RELEASE/spring-security-config-5.3.3.RELEASE.jar:/home/salvatore/.m2/repository/org/springframework/boot/spring-boot-devtools/2.3.0.RELEASE/spring-boot-devtools-2.3.0.RELEASE.jar:/home/salvatore/.m2/repository/org/springframework/boot/spring-boot/2.3.0.RELEASE/spring-boot-2.3.0.RELEASE.jar:/home/salvatore/.m2/repository/org/springframework/boot/spring-boot-autoconfigure/2.3.0.RELEASE/spring-boot-autoconfigure-2.3.0.RELEASE.jar:/home/salvatore/.m2/repository/org/glassfish/jersey/core/jersey-client/2.27/jersey-client-2.27.jar:/home/salvatore/.m2/repository/javax/ws/rs/javax.ws.rs-api/2.1/javax.ws.rs-api-2.1.jar:/home/salvatore/.m2/repository/org/glassfish/jersey/core/jersey-common/2.30.1/jersey-common-2.30.1.jar:/home/salvatore/.m2/repository/jakarta/ws/rs/jakarta.ws.rs-api/2.1.6/jakarta.ws.rs-api-2.1.6.jar:/home/salvatore/.m2/repository/org/glassfish/hk2/external/jakarta.inject/2.6.1/jakarta.inject-2.6.1.jar:/home/salvatore/.m2/repository/org/glassfish/hk2/osgi-resource-locator/1.0.3/osgi-resource-locator-1.0.3.jar:/home/salvatore/.m2/repository/com/sun/activation/jakarta.activation/1.2.2/jakarta.activation-1.2.2.jar:/home/salvatore/.m2/repository/org/glassfish/hk2/external/javax.inject/2.5.0-b42/javax.inject-2.5.0-b42.jar:/home/salvatore/.m2/repository/org/glassfish/jersey/inject/jersey-hk2/2.28/jersey-hk2-2.28.jar:/home/salvatore/.m2/repository/org/glassfish/hk2/hk2-locator/2.5.0/hk2-locator-2.5.0.jar:/home/salvatore/.m2/repository/org/glassfish/hk2/external/aopalliance-repackaged/2.5.0/aopalliance-repackaged-2.5.0.jar:/home/salvatore/.m2/repository/org/glassfish/hk2/hk2-api/2.5.0/hk2-api-2.5.0.jar:/home/salvatore/.m2/repository/org/glassfish/hk2/hk2-utils/2.5.0/hk2-utils-2.5.0.jar:/home/salvatore/.m2/repository/javax/activation/activation/1.1.1/activation-1.1.1.jar:/home/salvatore/.m2/repository/javax/xml/bind/jaxb-api/2.3.1/jaxb-api-2.3.1.jar:/home/salvatore/.m2/repository/javax/activation/javax.activation-api/1.2.0/javax.activation-api-1.2.0.jar:/home/salvatore/.m2/repository/org/springframework/boot/spring-boot-starter-test/2.3.0.RELEASE/spring-boot-starter-test-2.3.0.RELEASE.jar:/home/salvatore/.m2/repository/org/springframework/boot/spring-boot-test/2.3.0.RELEASE/spring-boot-test-2.3.0.RELEASE.jar:/home/salvatore/.m2/repository/org/springframework/boot/spring-boot-test-autoconfigure/2.3.0.RELEASE/spring-boot-test-autoconfigure-2.3.0.RELEASE.jar:/home/salvatore/.m2/repository/com/jayway/jsonpath/json-path/2.4.0/json-path-2.4.0.jar:/home/salvatore/.m2/repository/net/minidev/json-smart/2.3/json-smart-2.3.jar:/home/salvatore/.m2/repository/net/minidev/accessors-smart/1.2/accessors-smart-1.2.jar:/home/salvatore/.m2/repository/jakarta/xml/bind/jakarta.xml.bind-api/2.3.3/jakarta.xml.bind-api-2.3.3.jar:/home/salvatore/.m2/repository/jakarta/activation/jakarta.activation-api/1.2.2/jakarta.activation-api-1.2.2.jar:/home/salvatore/.m2/repository/org/assertj/assertj-core/3.16.1/assertj-core-3.16.1.jar:/home/salvatore/.m2/repository/org/hamcrest/hamcrest/2.2/hamcrest-2.2.jar:/home/salvatore/.m2/repository/org/junit/jupiter/junit-jupiter/5.6.2/junit-jupiter-5.6.2.jar:/home/salvatore/.m2/repository/org/junit/jupiter/junit-jupiter-api/5.6.2/junit-jupiter-api-5.6.2.jar:/home/salvatore/.m2/repository/org/apiguardian/apiguardian-api/1.1.0/apiguardian-api-1.1.0.jar:/home/salvatore/.m2/repository/org/opentest4j/opentest4j/1.2.0/opentest4j-1.2.0.jar:/home/salvatore/.m2/repository/org/junit/platform/junit-platform-commons/1.6.2/junit-platform-commons-1.6.2.jar:/home/salvatore/.m2/repository/org/junit/jupiter/junit-jupiter-params/5.6.2/junit-jupiter-params-5.6.2.jar:/home/salvatore/.m2/repository/org/junit/jupiter/junit-jupiter-engine/5.6.2/junit-jupiter-engine-5.6.2.jar:/home/salvatore/.m2/repository/org/junit/platform/junit-platform-engine/1.6.2/junit-platform-engine-1.6.2.jar:/home/salvatore/.m2/repository/org/mockito/mockito-core/3.3.3/mockito-core-3.3.3.jar:/home/salvatore/.m2/repository/net/bytebuddy/byte-buddy-agent/1.10.10/byte-buddy-agent-1.10.10.jar:/home/salvatore/.m2/repository/org/objenesis/objenesis/2.6/objenesis-2.6.jar:/home/salvatore/.m2/repository/org/mockito/mockito-junit-jupiter/3.3.3/mockito-junit-jupiter-3.3.3.jar:/home/salvatore/.m2/repository/org/skyscreamer/jsonassert/1.5.0/jsonassert-1.5.0.jar:/home/salvatore/.m2/repository/com/vaadin/external/google/android-json/0.0.20131108.vaadin1/android-json-0.0.20131108.vaadin1.jar:/home/salvatore/.m2/repository/org/springframework/spring-test/5.2.6.RELEASE/spring-test-5.2.6.RELEASE.jar:/home/salvatore/.m2/repository/org/xmlunit/xmlunit-core/2.7.0/xmlunit-core-2.7.0.jar:/home/salvatore/.m2/repository/org/springframework/restdocs/spring-restdocs-mockmvc/2.0.4.RELEASE/spring-restdocs-mockmvc-2.0.4.RELEASE.jar:/home/salvatore/.m2/repository/javax/servlet/javax.servlet-api/4.0.1/javax.servlet-api-4.0.1.jar:/home/salvatore/.m2/repository/org/springframework/restdocs/spring-restdocs-core/2.0.4.RELEASE/spring-restdocs-core-2.0.4.RELEASE.jar:/home/salvatore/.m2/repository/jakarta/validation/jakarta.validation-api/2.0.2/jakarta.validation-api-2.0.2.jar:/home/salvatore/.m2/repository/com/h2database/h2/1.4.200/h2-1.4.200.jar:/home/salvatore/.m2/repository/junit/junit/4.13/junit-4.13.jar:/home/salvatore/.m2/repository/org/hamcrest/hamcrest-core/2.2/hamcrest-core-2.2.jar:"/>
    <property name="sun.cpu.endian" value="little"/>
    <property name="user.home" value="/home/salvatore"/>
    <property name="user.language" value="en"/>
    <property name="java.specification.vendor" value="Oracle Corporation"/>
    <property name="java.version.date" value="2022-07-19"/>
    <property name="java.home" value="/usr/lib/jvm/java-11-openjdk-amd64"/>
    <property name="file.separator" value="/"/>
    <property name="basedir" value="/home/salvatore/consigliaviaggi"/>
    <property name="java.vm.compressedOopsMode" value="Zero based"/>
    <property name="line.separator" value="&#10;"/>
    <property name="java.specification.name" value="Java Platform API Specification"/>
    <property name="java.vm.specification.vendor" value="Oracle Corporation"/>
    <property name="java.awt.graphicsenv" value="sun.awt.X11GraphicsEnvironment"/>
    <property name="surefire.real.class.path" value="/home/salvatore/consigliaviaggi/target/surefire/surefirebooter11554732344240319318.jar"/>
    <property name="sun.management.compiler" value="HotSpot 64-Bit Tiered Compilers"/>
    <property name="java.runtime.version" value="11.0.16+8-post-Ubuntu-0ubuntu122.04"/>
    <property name="user.name" value="salvatore"/>
    <property name="path.separator" value=":"/>
    <property name="os.version" value="5.15.0-48-generic"/>
    <property name="java.runtime.name" value="OpenJDK Runtime Environment"/>
    <property name="file.encoding" value="UTF-8"/>
    <property name="java.vm.name" value="OpenJDK 64-Bit Server VM"/>
    <property name="localRepository" value="/home/salvatore/.m2/repository"/>
    <property name="java.vendor.url.bug" value="https://bugs.launchpad.net/ubuntu/+source/openjdk-lts"/>
    <property name="java.io.tmpdir" value="/tmp"/>
    <property name="java.version" value="11.0.16"/>
    <property name="user.dir" value="/home/salvatore/consigliaviaggi"/>
    <property name="os.arch" value="amd64"/>
    <property name="java.vm.specification.name" value="Java Virtual Machine Specification"/>
    <property name="java.awt.printerjob" value="sun.print.PSPrinterJob"/>
    <property name="sun.os.patch.level" value="unknown"/>
    <property name="java.library.path" value="/usr/java/packages/lib:/usr/lib/x86_64-linux-gnu/jni:/lib/x86_64-linux-gnu:/usr/lib/x86_64-linux-gnu:/usr/lib/jni:/lib:/usr/lib"/>
    <property name="java.vm.info" value="mixed mode, sharing"/>
    <property name="java.vendor" value="Ubuntu"/>
    <property name="java.vm.version" value="11.0.16+8-post-Ubuntu-0ubuntu122.04"/>
    <property name="sun.io.unicode.encoding" value="UnicodeLittle"/>
    <property name="java.class.version" value="55.0"/>
  </properties>
  <testcase name="testEmailConNessunPuntoDopoLaChiocciola" classname="com.ingsw.consigliaviaggi.isValidEmailAddressTest" time="0"/>
  <testcase name="testEmailConStringaConUnaChiocciola" classname="com.ingsw.consigliaviaggi.isValidEmailAddressTest" time="0"/>
  <testcase name="testEmailConPiùDiUnaChiocciola" classname="com.ingsw.consigliaviaggi.isValidEmailAddressTest" time="0"/>
  <testcase name="testEmailConRiferimentoANull" classname="com.ingsw.consigliaviaggi.isValidEmailAddressTest" time="0"/>
  <testcase name="testEmailConPiùDiUnPuntoDopoLaChiocciola" classname="com.ingsw.consigliaviaggi.isValidEmailAddressTest" time="0.001"/>
  <testcase name="testEmailConPath1_2_3_5_FALSE" classname="com.ingsw.consigliaviaggi.isValidEmailAddressTest" time="0"/>
  <testcase name="testEmailConStringaVuota" classname="com.ingsw.consigliaviaggi.isValidEmailAddressTest" time="0"/>
  <testcase name="testEmailConUnPuntoDopoLaChiocciola" classname="com.ingsw.consigliaviaggi.isValidEmailAddressTest" time="0"/>
  <testcase name="testEmailConStringaSenzaChiocciola" classname="com.ingsw.consigliaviaggi.isValidEmailAddressTest" time="0"/>
  <testcase name="testEmailConPath1_2_3_5_TRUE" classname="com.ingsw.consigliaviaggi.isValidEmailAddressTest" time="0"/>
</testsuite>